<?xml version="1.0" encoding="UTF-8"?>
<!-- Generated by org.testng.reporters.JUnitXMLReporter -->
<testsuite ignored="2" hostname="Girish" failures="0" tests="1" name="Default test" time="6.431" errors="0" timestamp="2023-10-27T16:28:50 IST">
  <testcase classname="scripts.CreateProject" name="schemaValidationRmg" time="6.31"/>
  <testcase classname="scripts.CreateProject" name="schemaValidationReqRes" time="0.0">
    <ignored/>
  </testcase> <!-- schemaValidationReqRes -->
  <testcase classname="scripts.CreateProject" name="createProject" time="0.0">
    <ignored/>
  </testcase> <!-- createProject -->
</testsuite> <!-- Default test -->
