<?xml version="1.0" encoding="UTF-8"?>
<testng-results ignored="2" total="3" passed="1" failed="0" skipped="0">
  <reporter-output>
  </reporter-output>
  <suite started-at="2023-10-27T16:28:43 IST" name="Default suite" finished-at="2023-10-27T16:28:49 IST" duration-ms="6431">
    <groups>
    </groups>
    <test started-at="2023-10-27T16:28:43 IST" name="Default test" finished-at="2023-10-27T16:28:49 IST" duration-ms="6431">
      <class name="scripts.CreateProject">
        <test-method signature="schemaValidationRmg()[pri:0, instance:scripts.CreateProject@38425407]" started-at="2023-10-27T16:28:43 IST" name="schemaValidationRmg" finished-at="2023-10-27T16:28:49 IST" duration-ms="6310" status="PASS">
          <reporter-output>
          </reporter-output>
        </test-method> <!-- schemaValidationRmg -->
      </class> <!-- scripts.CreateProject -->
    </test> <!-- Default test -->
  </suite> <!-- Default suite -->
</testng-results>
